<?xml version="1.0" encoding="utf-8"?><testsuites name="pytest tests"><testsuite name="pytest" errors="0" failures="0" skipped="0" tests="64" time="2.228" timestamp="2026-09-08T19:02:06.169901+03:00" hostname="User-PC"><testcase classname="lab03_classification.tests.test_contract" name="test_stress_frozen_balanced_categories_unique" time="0.009" /><testcase classname="lab03_classification.tests.test_contract" name="test_no_train_validation_test_text_leakage" time="0.016" /><testcase classname="lab03_classification.tests.test_contract" name="test_schema_rejects_invalid[bad0]" time="0.001" /><testcase classname="lab03_classification.tests.test_contract" name="test_schema_rejects_invalid[bad1]" time="0.000" /><testcase classname="lab03_classification.tests.test_contract" name="test_schema_rejects_invalid[bad2]" time="0.001" /><testcase classname="lab03_classification.tests.test_contract" name="test_schema_rejects_invalid[bad3]" time="0.000" /><testcase classname="lab03_classification.tests.test_contract" name="test_few_shot_six_training_examples" time="0.018" /><testcase classname="lab04_prompt_program.tests.test_behavioral_saved" name="test_saved_real_model_behavior[empty]" time="0.006" /><testcase classname="lab04_prompt_program.tests.test_behavioral_saved" name="test_saved_real_model_behavior[no-drug]" time="0.001" /><testcase classname="lab04_prompt_program.tests.test_behavioral_saved" name="test_saved_real_model_behavior[multiple-drugs]" time="0.001" /><testcase classname="lab04_prompt_program.tests.test_behavioral_saved" name="test_saved_real_model_behavior[negation]" time="0.001" /><testcase classname="lab04_prompt_program.tests.test_behavioral_saved" name="test_saved_real_model_behavior[hypothesis]" time="0.001" /><testcase classname="lab04_prompt_program.tests.test_behavioral_saved" name="test_saved_real_model_behavior[other-patient]" time="0.001" /><testcase classname="lab04_prompt_program.tests.test_behavioral_saved" name="test_saved_real_model_behavior[quotation]" time="0.001" /><testcase classname="lab04_prompt_program.tests.test_behavioral_saved" name="test_saved_real_model_behavior[typo]" time="0.001" /><testcase classname="lab04_prompt_program.tests.test_data" name="test_frozen_fifty_complete_reviews_and_evidence" time="0.008" /><testcase classname="lab04_prompt_program.tests.test_data" name="test_selection_is_complete_review_not_isolated_sentence" time="0.036" /><testcase classname="lab04_prompt_program.tests.test_extract" name="test_interface_cases[empty]" time="0.005" /><testcase classname="lab04_prompt_program.tests.test_extract" name="test_interface_cases[no-drug]" time="0.001" /><testcase classname="lab04_prompt_program.tests.test_extract" name="test_interface_cases[multiple-drugs]" time="0.000" /><testcase classname="lab04_prompt_program.tests.test_extract" name="test_interface_cases[negation]" time="0.000" /><testcase classname="lab04_prompt_program.tests.test_extract" name="test_interface_cases[hypothesis]" time="0.000" /><testcase classname="lab04_prompt_program.tests.test_extract" name="test_interface_cases[other-patient]" time="0.000" /><testcase classname="lab04_prompt_program.tests.test_extract" name="test_interface_cases[quotation]" time="0.001" /><testcase classname="lab04_prompt_program.tests.test_extract" name="test_interface_cases[typo]" time="0.001" /><testcase classname="lab04_prompt_program.tests.test_extract" name="test_extra_field_repaired" time="0.000" /><testcase classname="lab04_prompt_program.tests.test_extract" name="test_fabricated_evidence_repaired" time="0.000" /><testcase classname="lab04_prompt_program.tests.test_extract" name="test_exactly_one_retry_even_after_second_failure" time="0.000" /><testcase classname="lab04_prompt_program.tests.test_extract" name="test_strict_schema[{&quot;drug&quot;: [42], &quot;indication&quot;: [], &quot;positive_effect&quot;: [], &quot;adverse_reaction&quot;: [], &quot;evidence&quot;: []}]" time="0.000" /><testcase classname="lab04_prompt_program.tests.test_extract" name="test_strict_schema[{&quot;drug&quot;: &quot;\u0410&quot;, &quot;indication&quot;: [], &quot;positive_effect&quot;: [], &quot;adverse_reaction&quot;: [], &quot;evidence&quot;: []}]" time="0.000" /><testcase classname="lab04_prompt_program.tests.test_extract" name="test_strict_schema[{}]" time="0.000" /><testcase classname="lab04_prompt_program.tests.test_extract" name="test_strict_schema[```json\n{}\n```]" time="0.001" /><testcase classname="lab04_prompt_program.tests.test_extract" name="test_extraction_must_be_covered_by_evidence" time="0.000" /><testcase classname="lab04_prompt_program.tests.test_extract" name="test_empty_quote_not_proof" time="0.000" /><testcase classname="lab04_prompt_program.tests.test_extract" name="test_case_sensitive_evidence" time="0.000" /><testcase classname="lab05_mini_rag.test_contract" name="test_dataset_contract" time="0.006" /><testcase classname="lab05_mini_rag.test_contract" name="test_reject_invalid[payload0]" time="0.000" /><testcase classname="lab05_mini_rag.test_contract" name="test_reject_invalid[payload1]" time="0.000" /><testcase classname="lab05_mini_rag.test_contract" name="test_reject_invalid[payload2]" time="0.000" /><testcase classname="lab05_mini_rag.test_contract" name="test_reject_invalid[payload3]" time="0.001" /><testcase classname="lab05_mini_rag.test_contract" name="test_reject_invalid[payload4]" time="0.000" /><testcase classname="lab05_mini_rag.test_contract" name="test_refusal_and_answer" time="0.000" /><testcase classname="lab05_mini_rag.test_contract" name="test_bm25_six_evidence_ceiling" time="0.003" /><testcase classname="lab06_ai_detective.tests.test_system" name="test_same_path" time="0.000" /><testcase classname="lab06_ai_detective.tests.test_system" name="test_each_level[other0-1]" time="0.001" /><testcase classname="lab06_ai_detective.tests.test_system" name="test_each_level[other1-0.3333333333333333]" time="0.000" /><testcase classname="lab06_ai_detective.tests.test_system" name="test_each_level[other2-0.1111111111111111]" time="0.000" /><testcase classname="lab06_ai_detective.tests.test_system" name="test_code" time="0.000" /><testcase classname="lab06_ai_detective.tests.test_system" name="test_ultrametric_exhaustive" time="0.096" /><testcase classname="lab06_ai_detective.tests.test_system" name="test_invalid_json" time="0.001" /><testcase classname="lab06_ai_detective.tests.test_system" name="test_nonexistent_id" time="0.000" /><testcase classname="lab06_ai_detective.tests.test_system" name="test_both_without_counter" time="0.001" /><testcase classname="lab06_ai_detective.tests.test_system" name="test_insufficient_with_invented_answer" time="0.000" /><testcase classname="lab06_ai_detective.tests.test_system" name="test_llm_unavailable" time="0.274" /><testcase classname="lab06_ai_detective.tests.test_system" name="test_bm25_maximum" time="0.001" /><testcase classname="lab06_ai_detective.tests.test_system" name="test_bc_same_ids_every_variant" time="0.044" /><testcase classname="lab06_ai_detective.tests.test_system" name="test_evidence_verbatim_unique_ids" time="0.001" /><testcase classname="lab06_ai_detective.tests.test_system" name="test_deletion_really_removes_full_context" time="0.026" /><testcase classname="lab06_ai_detective.tests.test_system" name="test_permutation_one_factor" time="0.025" /><testcase classname="lab06_ai_detective.tests.test_system" name="test_contradiction_one_factor" time="0.026" /><testcase classname="lab06_ai_detective.tests.test_system" name="test_insufficient_fabricated_explanation" time="0.000" /><testcase classname="lab06_ai_detective.tests.test_system" name="test_raw_invalid_response_retained" time="0.001" /><testcase classname="lab06_ai_detective.tests.test_system" name="test_network_error_serializable[False]" time="0.015" /><testcase classname="lab06_ai_detective.tests.test_system" name="test_network_error_serializable[True]" time="0.001" /></testsuite></testsuites>